2025-04-11T00:01:31.961707 - bekzat
2025-04-11T00:02:49.286672 - bekzat
2025-04-11T00:02:52.304147 - bekzat
2025-04-11T00:02:55.340322 - bekzat
2025-04-11T00:04:21.900440 - bekzat
2025-04-11T00:04:33.941202 - azhar
2025-04-11T00:04:42.981433 - bekzat
2025-04-11T00:04:45.992984 - bekzat
2025-04-11T00:05:07.000308 - bekzat
2025-04-11T01:17:54.547911 - bekzat
2025-04-11T01:17:57.573830 - bekzat
2025-04-11T01:18:00.561938 - bekzat
2025-04-11T01:18:03.570003 - bekzat
2025-04-11T01:18:06.571483 - bekzat
2025-04-11T01:18:09.561142 - bekzat
2025-04-11T01:18:12.393455 - bekzat
2025-04-11T01:18:18.565713 - bekzat
2025-04-11T01:18:21.684892 - bekzat
2025-04-11T01:18:24.704279 - bekzat
2025-04-11T01:18:27.570246 - bekzat
2025-04-11T01:18:30.398396 - bekzat
2025-04-11T01:18:33.880465 - bekzat
2025-04-11T01:18:36.553848 - bekzat
2025-04-11T01:18:39.620834 - bekzat
2025-04-11T01:18:42.551991 - bekzat
2025-04-11T01:18:45.562225 - bekzat
2025-04-11T01:18:48.553069 - bekzat
2025-04-11T01:20:19.124371 - camera
2025-04-11T01:20:19.125370 - new
2025-04-11T01:21:49.112666 - camera
2025-04-11T01:21:52.130980 - camera
2025-04-11T01:21:55.111080 - camera
2025-04-11T01:21:58.113758 - camera
2025-04-11T01:22:01.126907 - camera
2025-04-11T01:22:04.119109 - camera
2025-04-11T01:22:07.112395 - camera
2025-04-11T01:22:10.132332 - camera
2025-04-11T01:22:13.133268 - camera
2025-04-11T01:22:16.096956 - camera
2025-04-11T01:22:19.110527 - camera
2025-04-11T01:22:22.120372 - camera
2025-04-11T01:22:25.106332 - camera
2025-04-11T01:22:28.134841 - camera
2025-04-11T01:22:31.141961 - camera
2025-04-11T01:22:34.133604 - camera
2025-04-11T01:22:37.118497 - camera
2025-04-11T01:22:40.151248 - camera
2025-04-11T01:22:43.112343 - camera
2025-04-11T01:22:46.124611 - camera
2025-04-11T01:22:49.130421 - camera
2025-04-11T01:22:52.141901 - camera
2025-04-11T01:22:55.120818 - camera
2025-04-11T01:22:58.115094 - camera
2025-04-11T01:23:01.118052 - camera
2025-04-11T01:23:04.128493 - camera
2025-04-11T01:23:07.172785 - camera
2025-04-11T01:23:10.124833 - camera
2025-04-11T01:23:13.109698 - camera
2025-04-11T01:23:16.105186 - camera
2025-04-11T01:23:19.110603 - camera
2025-04-11T01:23:22.113508 - camera
2025-04-11T01:23:25.110249 - camera
2025-04-11T05:59:09.187852 - camera
2025-04-11T05:59:11.708994 - camera
2025-04-11T05:59:14.675106 - camera
2025-04-11T05:59:17.700499 - camera
2025-04-11T05:59:20.691861 - camera
2025-04-11T05:59:24.125544 - camera
2025-04-11T05:59:27.126495 - camera
2025-04-11T05:59:30.116699 - camera
2025-04-11T05:59:33.126942 - camera
2025-04-11T05:59:36.124497 - camera
2025-04-11T05:59:39.132075 - camera
2025-04-11T05:59:42.119020 - camera
2025-04-11T05:59:45.123201 - camera
2025-04-11T05:59:48.131345 - camera
2025-04-11T05:59:51.117493 - camera
2025-04-11T05:59:54.116271 - camera
2025-04-11T05:59:57.128356 - camera
2025-04-11T06:00:00.141254 - camera
2025-04-11T06:00:03.120294 - camera
2025-04-11T06:00:06.113334 - camera
2025-04-11T06:00:09.103493 - camera
2025-04-11T06:00:12.132978 - camera
2025-04-11T06:00:15.105276 - camera
2025-04-11T06:00:18.111240 - camera
2025-04-11T06:00:21.136916 - camera
2025-04-11T06:00:24.111306 - camera
2025-04-11T06:00:27.110331 - camera
2025-04-11T06:00:30.111366 - camera
2025-04-11T06:00:33.103201 - camera
2025-04-11T06:00:36.139537 - camera
2025-04-11T06:00:39.106834 - camera
2025-04-11T06:00:42.144790 - camera
2025-04-11T06:00:45.138419 - camera
2025-04-11T06:00:48.123074 - camera
2025-04-11T06:00:51.132070 - camera
2025-04-11T06:00:54.113467 - camera
2025-04-11T06:00:57.103038 - camera
2025-04-11T06:01:00.122637 - camera
2025-04-11T06:01:03.126594 - camera
2025-04-11T06:01:06.129333 - camera
2025-04-11T06:01:09.119321 - camera
2025-04-11T06:01:12.128649 - camera
2025-04-11T06:01:15.106659 - camera
2025-04-11T06:01:18.112303 - camera
2025-04-11T06:01:21.124546 - camera
2025-04-11T06:01:24.153298 - camera
2025-04-11T06:01:27.144436 - camera
2025-04-11T06:01:30.115890 - camera
2025-04-11T06:01:33.127696 - camera
2025-04-11T06:01:36.136998 - camera
2025-04-11T06:01:39.109682 - camera
2025-04-11T06:01:42.115493 - camera
2025-04-11T06:01:45.120610 - camera
2025-04-11T06:01:48.125676 - camera
2025-04-11T06:01:51.122446 - camera
2025-04-11T06:01:54.121892 - camera
2025-04-11T06:01:57.121773 - camera
2025-04-11T06:02:00.117750 - camera
2025-04-11T06:02:03.111390 - camera
2025-04-11T06:02:06.126000 - camera
2025-04-11T06:02:09.121561 - camera
2025-04-11T06:02:12.136674 - camera
2025-04-11T06:02:15.127163 - camera
2025-04-11T06:02:18.114449 - camera
2025-04-11T06:02:21.115266 - camera
2025-04-11T06:02:24.121127 - camera
2025-04-11T06:02:27.126628 - camera
2025-04-11T06:02:30.137256 - camera
2025-04-11T06:02:33.128977 - camera
2025-04-11T06:02:36.116478 - camera
2025-04-11T06:02:39.130860 - camera
2025-06-04T20:26:42.416579 - camera
2025-06-04T20:26:42.417579 - new
2025-06-04T20:26:42.678540 - camera
2025-06-04T20:26:42.680047 - new
2025-06-04T20:36:02.376880 - camera
2025-06-04T20:36:02.377875 - new
2025-06-04T20:36:05.043952 - camera
2025-06-04T20:36:05.043952 - new
2025-06-04T20:36:08.013373 - camera
2025-06-04T20:36:08.013373 - new
2025-06-04T20:36:11.023540 - camera
2025-06-04T20:36:11.024454 - new
2025-06-04T20:36:14.051319 - camera
2025-06-04T20:36:14.051319 - new
2025-06-04T20:36:17.033520 - camera
2025-06-04T20:36:17.035120 - new
2025-06-04T20:48:23.732637 - toleutaib
2025-06-04T20:48:23.733626 - camera
2025-06-04T20:48:23.734626 - new
2025-06-04T20:48:24.250954 - toleutaib
2025-06-04T20:48:24.250954 - camera
2025-06-04T20:48:24.252218 - new
2025-06-04T20:48:25.199016 - toleutaib
2025-06-04T20:48:25.200018 - camera
2025-06-04T20:48:25.200018 - new
2025-06-04T20:48:25.705549 - toleutaib
2025-06-04T20:48:25.706071 - camera
2025-06-04T20:48:25.706071 - new
2025-06-04T20:48:26.201174 - toleutaib
2025-06-04T20:48:26.202173 - camera
2025-06-04T20:48:26.202173 - new
2025-06-04T20:48:26.692740 - toleutaib
2025-06-04T20:48:26.692740 - camera
2025-06-04T20:48:26.692740 - new
2025-06-04T20:48:50.796852 - toleutaib
2025-06-04T20:48:50.797851 - camera
2025-06-04T20:48:50.797851 - new
2025-06-04T20:48:53.452736 - toleutaib
2025-06-04T20:48:53.452736 - camera
2025-06-04T20:48:53.454225 - new
2025-06-04T20:48:56.444820 - toleutaib
2025-06-04T20:48:56.445819 - camera
2025-06-04T20:48:56.446819 - new
2025-06-04T20:48:59.478470 - toleutaib
2025-06-04T20:48:59.479512 - camera
2025-06-04T20:48:59.479512 - new
2025-06-04T20:49:02.474899 - toleutaib
2025-06-04T20:49:02.475898 - camera
2025-06-04T20:49:02.475898 - new
2025-06-04T20:49:11.133096 - toleutaib
2025-06-04T20:49:14.036223 - toleutaib
2025-06-04T20:49:17.006085 - toleutaib
2025-06-04T20:49:17.006085 - camera
2025-06-04T20:49:17.007099 - new
2025-06-04T20:49:20.018484 - camera
2025-06-04T20:49:20.019483 - toleutaib
2025-06-04T20:49:20.019483 - new
2025-06-04T20:49:23.047006 - camera
2025-06-04T20:49:23.048005 - toleutaib
2025-06-04T20:49:23.048005 - new
2025-06-04T20:49:26.186191 - toleutaib
2025-06-04T20:49:30.814604 - toleutaib
2025-06-04T20:49:30.815608 - camera
2025-06-04T20:49:30.815608 - new
2025-06-04T20:49:30.816739 - new
2025-06-04T20:49:33.723857 - toleutaib
2025-06-04T20:49:36.631068 - toleutaib
2025-06-04T20:49:39.635786 - toleutaib
2025-06-04T20:49:42.485106 - toleutaib
2025-06-04T20:49:45.520137 - camera
2025-06-04T20:49:45.521655 - toleutaib
2025-06-04T20:49:45.522818 - new
2025-06-04T20:49:48.490629 - toleutaib
2025-06-04T20:49:48.491628 - camera
2025-06-04T20:49:48.491628 - new
2025-06-04T20:49:51.666981 - toleutaib
2025-06-04T20:49:54.659684 - toleutaib
2025-06-04T20:49:57.675091 - toleutaib
2025-06-04T20:50:00.673283 - toleutaib
2025-06-04T20:50:03.670741 - toleutaib
2025-06-04T20:50:06.660332 - toleutaib
2025-06-04T20:50:09.667554 - toleutaib
2025-06-04T20:50:12.511761 - toleutaib
2025-06-04T20:50:15.674561 - toleutaib
2025-06-04T20:50:18.663140 - toleutaib
2025-06-04T20:50:21.676887 - toleutaib
2025-06-04T20:50:24.670533 - toleutaib
2025-06-04T20:50:27.541051 - camera
2025-06-04T20:50:27.541051 - toleutaib
2025-06-04T20:50:27.542048 - new
2025-06-04T20:50:30.693405 - toleutaib
2025-06-04T20:50:33.709641 - toleutaib
2025-06-04T20:50:36.501629 - toleutaib
2025-06-04T20:50:36.502625 - camera
2025-06-04T20:50:36.502625 - new
2025-06-04T20:50:36.503626 - new
2025-06-04T20:50:36.503626 - new
2025-06-04T20:50:39.670692 - toleutaib
2025-06-04T20:50:42.635018 - toleutaib
2025-06-04T20:50:45.716224 - toleutaib
2025-06-04T20:50:48.598247 - toleutaib
2025-06-04T21:05:03.891790 - toleutaib
2025-06-04T21:05:04.561409 - toleutaib
2025-06-04T21:05:05.269024 - toleutaib
2025-06-04T21:05:05.927751 - toleutaib
2025-06-04T21:05:08.583083 - toleutaib
2025-06-04T21:05:11.430546 - toleutaib
2025-06-04T21:05:14.513755 - toleutaib
2025-06-04T21:05:17.492925 - toleutaib
2025-06-04T21:05:23.565699 - toleutaib
2025-06-04T21:05:26.531708 - toleutaib
2025-06-04T21:05:29.522674 - toleutaib
2025-06-04T21:05:32.126755 - toleutaib
2025-06-04T21:05:40.416075 - toleutaib
2025-06-04T21:05:43.090002 - toleutaib
2025-06-04T21:05:46.465509 - toleutaib
2025-06-04T21:05:49.378166 - toleutaib
2025-06-04T21:05:52.571966 - toleutaib
2025-06-04T21:05:55.367019 - toleutaib
2025-06-04T21:05:58.621085 - toleutaib
2025-06-04T21:06:01.572775 - toleutaib
2025-06-04T21:06:04.559323 - toleutaib
2025-06-04T21:06:07.658364 - toleutaib
2025-06-04T21:06:12.935588 - toleutaib
2025-06-04T21:06:15.884569 - toleutaib
2025-06-04T21:06:19.518897 - toleutaib
2025-06-04T21:06:22.565341 - toleutaib
2025-06-04T21:06:25.553497 - toleutaib
2025-06-04T21:06:28.525336 - toleutaib
2025-06-04T21:06:30.871805 - toleutaib
2025-06-04T21:06:34.526317 - toleutaib
2025-06-04T21:06:40.561857 - toleutaib
2025-06-04T21:06:43.544412 - toleutaib
2025-06-04T21:06:46.660077 - toleutaib
2025-06-04T21:06:49.575244 - toleutaib
2025-06-04T21:06:52.502305 - toleutaib
2025-06-04T21:06:58.625299 - toleutaib
2025-06-04T21:07:01.300224 - toleutaib
2025-06-04T21:07:04.675195 - toleutaib
2025-06-04T21:07:07.582100 - toleutaib
2025-06-04T21:07:10.589190 - toleutaib
2025-06-04T21:07:16.579356 - toleutaib
2025-06-04T21:07:19.500302 - toleutaib
2025-06-04T21:07:22.575568 - toleutaib
2025-06-04T21:07:29.158973 - toleutaib
2025-06-04T21:07:32.592832 - toleutaib
2025-06-04T21:07:35.550264 - toleutaib
2025-06-04T21:07:41.896632 - toleutaib
2025-06-04T21:07:44.594536 - toleutaib
2025-06-04T21:07:47.636202 - toleutaib
2025-06-04T21:07:51.567165 - toleutaib
2025-06-04T21:07:54.495502 - toleutaib
2025-06-04T21:08:01.157838 - toleutaib
2025-06-04T21:08:04.145871 - toleutaib
2025-06-04T21:08:07.088488 - toleutaib
2025-06-04T21:08:10.587742 - toleutaib
2025-06-04T21:08:13.531079 - toleutaib
2025-06-04T21:08:20.134866 - toleutaib
2025-06-04T21:08:22.727899 - toleutaib
2025-06-04T21:08:25.771412 - toleutaib
2025-06-04T21:08:29.418824 - toleutaib
2025-06-04T21:08:32.559565 - toleutaib
2025-06-04T21:08:35.224975 - toleutaib
2025-06-04T21:08:39.916568 - toleutaib
2025-06-04T21:08:42.705681 - toleutaib
2025-06-04T21:15:48.560116 - toleutaib
2025-06-04T21:18:53.858111 - toleutaib
2025-06-04T21:18:53.858111 - kolya
2025-06-04T21:18:54.377548 - toleutaib
2025-06-04T21:18:54.377548 - kolya
2025-06-04T21:18:55.059395 - toleutaib
2025-06-04T21:18:55.060386 - kolya
2025-06-04T21:18:55.626786 - toleutaib
2025-06-04T21:18:55.626786 - kolya
2025-06-04T21:18:56.243057 - toleutaib
2025-06-04T21:18:56.243057 - kolya
2025-06-04T21:18:56.913040 - toleutaib
2025-06-04T21:18:56.914551 - kolya
2025-06-04T21:18:57.402940 - asdsadas
2025-06-04T21:18:57.402940 - toleutaib
2025-06-04T21:18:57.402940 - kolya
2025-06-04T21:18:57.404448 - camera
2025-06-04T21:18:57.404448 - new
2025-06-04T21:18:58.020752 - toleutaib
2025-06-04T21:18:58.022515 - kolya
2025-06-04T21:18:58.702531 - toleutaib
2025-06-04T21:18:58.702531 - kolya
2025-06-04T21:18:59.153280 - asdsadas
2025-06-04T21:18:59.154859 - toleutaib
2025-06-04T21:18:59.155954 - kolya
2025-06-04T21:18:59.156547 - camera
2025-06-04T21:18:59.156855 - new
2025-06-04T21:19:02.142490 - toleutaib
2025-06-04T21:19:02.143488 - kolya
2025-06-04T21:19:04.932520 - asdsadas
2025-06-04T21:19:04.932520 - toleutaib
2025-06-04T21:19:04.933633 - kolya
2025-06-04T21:19:04.934644 - camera
2025-06-04T21:19:04.934644 - new
2025-06-04T21:19:08.012474 - toleutaib
2025-06-04T21:19:08.013476 - kolya
